<?xml version="1.0" encoding="UTF-8"?>
<testng-results ignored="0" total="1" passed="1" failed="0" skipped="0">
  <reporter-output>
  </reporter-output>
  <suite started-at="2024-04-22T11:01:37 IST" name="Suite" finished-at="2024-04-22T11:01:53 IST" duration-ms="15175">
    <groups>
    </groups>
    <test started-at="2024-04-22T11:01:37 IST" name="Test" finished-at="2024-04-22T11:01:53 IST" duration-ms="15175">
      <class name="com.testing.Testing_Test">
        <test-method signature="Test()[pri:0, instance:com.testing.Testing_Test@7690781]" started-at="2024-04-22T11:01:38 IST" name="Test" finished-at="2024-04-22T11:01:53 IST" duration-ms="15056" status="PASS">
          <reporter-output>
          </reporter-output>
        </test-method> <!-- Test -->
      </class> <!-- com.testing.Testing_Test -->
    </test> <!-- Test -->
  </suite> <!-- Suite -->
</testng-results>
